<!DOCTYPE html PUBLIC "-//W3C//DTD XHTML 1.1//EN" "https://www.w3.org/TR/xhtml11/DTD/xhtml11.dtd">
<html xmlns="https://www.w3.org/1999/xhtml">
<head>
<meta charset='utf-8'>
<title>TestNG Report</title>
<style type="text/css">
table {margin-bottom:10px;border-collapse:collapse;empty-cells:show}
td,th {border:1px solid #009;padding:.25em .5em}
.result th {vertical-align:bottom}
.param th {padding-left:1em;padding-right:1em}
.param td {padding-left:.5em;padding-right:2em}
.stripe td,.stripe th {background-color: #E6EBF9}
.numi,.numi_attn {text-align:right}
.total td {font-weight:bold}
.passedodd td {background-color: #0A0}
.passedeven td {background-color: #3F3}
.skippedodd td {background-color: #CCC}
.skippedodd td {background-color: #DDD}
.failedodd td,.numi_attn {background-color: #F33}
.failedeven td,.stripe .numi_attn {background-color: #D00}
.stacktrace {white-space:pre;font-family:monospace}
.totop {font-size:85%;text-align:center;border-bottom:2px solid #000}
</style>
</head>
<body>
<table cellspacing="0" cellpadding="0" class="testOverview">
<tr><th>Test</th><th>Methods<br/>Passed</th><th>Scenarios<br/>Passed</th><th># skipped</th><th># failed</th><th>Total<br/>Time</th><th>Included<br/>Groups</th><th>Excluded<br/>Groups</th></tr>
<tr><td style="text-align:left;padding-right:2em"><a href="#t1">Regression Test</a></td><td class="numi">1</td><td class="numi">1</td><td class="numi_attn">4</td><td class="numi_attn">4</td><td class="numi">86.4 seconds</td><td class="numi"></td><td class="numi"></td></tr>
<tr class="stripe"><td style="text-align:left;padding-right:2em"><a href="#t2">Smoke Test</a></td><td class="numi">0</td><td class="numi">0</td><td class="numi">0</td><td class="numi">0</td><td class="numi">0.0 seconds</td><td class="numi"></td><td class="numi"></td></tr>
<tr class="total"><td>Total</td>
<td class="numi">1</td><td class="numi">1</td><td class="numi_attn">4</td><td class="numi_attn">4</td><td class="numi">86.5 seconds</td><td colspan="2">&nbsp;</td></tr>
</table>
<table cellspacing="0" cellpadding="0" class="methodOverview" id="summary">
<tr><th>Class</th><th>Method</th><th># of<br/>Scenarios</th><th>Start</th><th>Time<br/>(ms)</th></tr>
<tr id="t1"><th colspan="5">Regression Test &#8212; failed</th></tr>
<tr class="failedodd"><td rowspan="4">org.selenium.testingcommands.HomePageTest</td><td><a href="#m1"><b>verifyHomePageTitle</b> (Regression, Smoke) </a></td><td class="numi">1</td><td>1704337448616</td><td class="numi">1171</td></tr><tr class="failedodd"><td><a href="#m2"><b>verifyHomePageTitle</b> (Regression, Smoke) </a></td><td class="numi">1</td><td>1704337448616</td><td class="numi">1171</td></tr><tr class="failedodd"><td><a href="#m3"><b>verifyHomePageTitle</b> (Regression, Smoke) </a></td><td class="numi">1</td><td>1704337448616</td><td class="numi">1171</td></tr><tr class="failedodd"><td><a href="#m4"><b>verifyHomePageTitle</b> (Regression, Smoke) </a></td><td class="numi">1</td><td>1704337448616</td><td class="numi">1171</td></tr>
<tr><th colspan="5">Regression Test &#8212; skipped</th></tr>
<tr class="skippedodd"><td rowspan="4">org.selenium.testingcommands.HomePageTest</td><td><a href="#m5"><b>verifyHomePageTitle</b> (Regression, Smoke) </a></td><td class="numi">3</td><td>1704337402058</td><td class="numi">29158</td></tr><tr class="skippedodd"><td><a href="#m6"><b>verifyHomePageTitle</b> (Regression, Smoke) </a></td><td class="numi">3</td><td>1704337402058</td><td class="numi">29158</td></tr><tr class="skippedodd"><td><a href="#m7"><b>verifyHomePageTitle</b> (Regression, Smoke) </a></td><td class="numi">3</td><td>1704337402058</td><td class="numi">29158</td></tr><tr class="skippedodd"><td><a href="#m8"><b>verifyHomePageTitle</b> (Regression, Smoke) </a></td><td class="numi">3</td><td>1704337402058</td><td class="numi">29158</td></tr>
<tr><th colspan="5">Regression Test &#8212; passed</th></tr>
<tr class="passedodd"><td>org.selenium.testingcommands.HomePageTest</td><td><a href="#m9"><b>verifyCommunityPollSelection</b> (Sanity) </a></td><td class="numi">1</td><td>1704337467786</td><td class="numi">627</td></tr>
</table>
<h1>Regression Test</h1>
<h2 id="m1">org.selenium.testingcommands.HomePageTest:verifyHomePageTitle</h2>
<div>
<div class="stacktrace">java.lang.AssertionError: Invalid Title expected [Demo Web Shop123] but found [Demo Web Shop]
	at org.selenium.testingcommands.HomePageTest.verifyHomePageTitle(HomePageTest.java:20)
	at java.base/java.util.ArrayList.forEach(ArrayList.java:1541)
	at com.intellij.rt.testng.IDEARemoteTestNG.run(IDEARemoteTestNG.java:66)
	at com.intellij.rt.testng.RemoteTestNGStarter.main(RemoteTestNGStarter.java:105)
... Removed 29 stack frames</div>
</div>
<p class="totop"><a href="#summary">back to summary</a></p>
<h2 id="m2">org.selenium.testingcommands.HomePageTest:verifyHomePageTitle</h2>
<div>
<div class="stacktrace">java.lang.AssertionError: Invalid Title expected [Demo Web Shop123] but found [Demo Web Shop]
	at org.selenium.testingcommands.HomePageTest.verifyHomePageTitle(HomePageTest.java:20)
	at java.base/java.util.ArrayList.forEach(ArrayList.java:1541)
	at com.intellij.rt.testng.IDEARemoteTestNG.run(IDEARemoteTestNG.java:66)
	at com.intellij.rt.testng.RemoteTestNGStarter.main(RemoteTestNGStarter.java:105)
... Removed 29 stack frames</div>
</div>
<p class="totop"><a href="#summary">back to summary</a></p>
<h2 id="m3">org.selenium.testingcommands.HomePageTest:verifyHomePageTitle</h2>
<div>
<div class="stacktrace">java.lang.AssertionError: Invalid Title expected [Demo Web Shop123] but found [Demo Web Shop]
	at org.selenium.testingcommands.HomePageTest.verifyHomePageTitle(HomePageTest.java:20)
	at java.base/java.util.ArrayList.forEach(ArrayList.java:1541)
	at com.intellij.rt.testng.IDEARemoteTestNG.run(IDEARemoteTestNG.java:66)
	at com.intellij.rt.testng.RemoteTestNGStarter.main(RemoteTestNGStarter.java:105)
... Removed 29 stack frames</div>
</div>
<p class="totop"><a href="#summary">back to summary</a></p>
<h2 id="m4">org.selenium.testingcommands.HomePageTest:verifyHomePageTitle</h2>
<div>
<div class="stacktrace">java.lang.AssertionError: Invalid Title expected [Demo Web Shop123] but found [Demo Web Shop]
	at org.selenium.testingcommands.HomePageTest.verifyHomePageTitle(HomePageTest.java:20)
	at java.base/java.util.ArrayList.forEach(ArrayList.java:1541)
	at com.intellij.rt.testng.IDEARemoteTestNG.run(IDEARemoteTestNG.java:66)
	at com.intellij.rt.testng.RemoteTestNGStarter.main(RemoteTestNGStarter.java:105)
... Removed 29 stack frames</div>
</div>
<p class="totop"><a href="#summary">back to summary</a></p>
<h2 id="m5">org.selenium.testingcommands.HomePageTest:verifyCommunityPollSelection</h2>
<p class="totop"><a href="#summary">back to summary</a></p>
<h1>Smoke Test</h1>
</body></html>
